<?xml version="1.0" encoding="UTF-8"?>
<!-- Generated by org.testng.reporters.JUnitReportReporter -->
<testsuite hostname="INR1300891" name="testscripts.SampleScript" tests="1" failures="0" timestamp="22 Aug 2017 12:35:45 GMT" time="3.763" errors="0">
  <testcase name="sampleTestcase" time="3.763" classname="testscripts.SampleScript"/>
</testsuite> <!-- testscripts.SampleScript -->
