<?xml version="1.0" encoding="UTF-8"?>
<!-- Generated by org.testng.reporters.JUnitReportReporter -->
<testsuite hostname="INR1300891" name="testscripts.SampleScript" tests="1" failures="0" timestamp="23 Aug 2017 07:28:08 GMT" time="135.273" errors="0">
  <testcase name="sampleTestcase" time="135.273" classname="testscripts.SampleScript"/>
</testsuite> <!-- testscripts.SampleScript -->
